<?xml version="1.0" encoding="UTF-8" ?>
<testsuite failures="0" time="4.376" errors="0" skipped="0" tests="27" name="com.homefellas.rm.share.ShareServiceTest">
  <properties>
[...]
</properties>
  <testcase time="0.175" classname="com.homefellas.rm.share.ShareServiceTest" name="getTasksByCalendarDirectLinkTX"/>
  <testcase time="0.134" classname="com.homefellas.rm.share.ShareServiceTest" name="getCalenderShares"/>
  <testcase time="0.239" classname="com.homefellas.rm.share.ShareServiceTest" name="shareAndCreateContact"/>
  <testcase time="0.113" classname="com.homefellas.rm.share.ShareServiceTest" name="shareTaskVerifyAlamrs"/>
  <testcase time="0.155" classname="com.homefellas.rm.share.ShareServiceTest" name="shareSubList"/>
  <testcase time="0.147" classname="com.homefellas.rm.share.ShareServiceTest" name="notificationSentToShareeOnTaskEndReached"/>
  <testcase time="0.152" classname="com.homefellas.rm.share.ShareServiceTest" name="acceptDeclineShareCaledarTX"/>
  <testcase time="0.085" classname="com.homefellas.rm.share.ShareServiceTest" name="sendNotificationsToShares"/>
  <testcase time="0.106" classname="com.homefellas.rm.share.ShareServiceTest" name="shareCalender"/>
  <testcase time="0.165" classname="com.homefellas.rm.share.ShareServiceTest" name="processSharesForSharedCalendars"/>
  <testcase time="1.153" classname="com.homefellas.rm.share.ShareServiceTest" name="updateModifiedTimeOfShares"/>
  <testcase time="0.164" classname="com.homefellas.rm.share.ShareServiceTest" name="getShareForUserAndIShare"/>
  <testcase time="0.125" classname="com.homefellas.rm.share.ShareServiceTest" name="updateShareNullChecks"/>
  <testcase time="0.086" classname="com.homefellas.rm.share.ShareServiceTest" name="testUpdateShare"/>
  <testcase time="0.142" classname="com.homefellas.rm.share.ShareServiceTest" name="testBulkShare"/>
  <testcase time="0.1" classname="com.homefellas.rm.share.ShareServiceTest" name="testBulkInvite"/>
  <testcase time="0.084" classname="com.homefellas.rm.share.ShareServiceTest" name="testLinkReplace"/>
  <testcase time="0.106" classname="com.homefellas.rm.share.ShareServiceTest" name="acceptPublicShare"/>
  <testcase time="0.138" classname="com.homefellas.rm.share.ShareServiceTest" name="getInvitesSharedWithEmail"/>
  <testcase time="0.088" classname="com.homefellas.rm.share.ShareServiceTest" name="deleteShare"/>
  <testcase time="0.087" classname="com.homefellas.rm.share.ShareServiceTest" name="getShareForTaskAndEmail"/>
  <testcase time="0.08" classname="com.homefellas.rm.share.ShareServiceTest" name="createShareOnRegister"/>
  <testcase time="0.135" classname="com.homefellas.rm.share.ShareServiceTest" name="getSyncShareIdsForMember"/>
  <testcase time="0.135" classname="com.homefellas.rm.share.ShareServiceTest" name="getShareDirectLink"/>
  <testcase time="0.088" classname="com.homefellas.rm.share.ShareServiceTest" name="acceptShare"/>
  <testcase time="0.097" classname="com.homefellas.rm.share.ShareServiceTest" name="declineShare"/>
  <testcase time="0.095" classname="com.homefellas.rm.share.ShareServiceTest" name="shareTask"/>
</testsuite>