<?xml version="1.0" encoding="UTF-8" ?>
<testsuite failures="0" time="41.296" errors="0" skipped="0" tests="32" name="com.homefellas.rm.task.TaskWebServiceTest">
  <properties>
[...]
</properties>
  <testcase time="0.993" classname="com.homefellas.rm.task.TaskWebServiceTest" name="updateTask"/>
  <testcase time="1.002" classname="com.homefellas.rm.task.TaskWebServiceTest" name="getTasksForMember"/>
  <testcase time="1.027" classname="com.homefellas.rm.task.TaskWebServiceTest" name="createCalendar"/>
  <testcase time="1.063" classname="com.homefellas.rm.task.TaskWebServiceTest" name="cancelTask"/>
  <testcase time="1.464" classname="com.homefellas.rm.task.TaskWebServiceTest" name="taskEndDateChanged"/>
  <testcase time="1.244" classname="com.homefellas.rm.task.TaskWebServiceTest" name="taskUpdateBeforeRepeatSetupCreate"/>
  <testcase time="1.044" classname="com.homefellas.rm.task.TaskWebServiceTest" name="appleIOSEvent"/>
  <testcase time="1.188" classname="com.homefellas.rm.task.TaskWebServiceTest" name="repeatSetupDeleteReAdd"/>
  <testcase time="1.448" classname="com.homefellas.rm.task.TaskWebServiceTest" name="notifyShareeWhenStatusChanges"/>
  <testcase time="1.364" classname="com.homefellas.rm.task.TaskWebServiceTest" name="notifyShareeWhenStatusChangesNoAccept"/>
  <testcase time="1.941" classname="com.homefellas.rm.task.TaskWebServiceTest" name="getAllDependantTaskObjects"/>
  <testcase time="1.523" classname="com.homefellas.rm.task.TaskWebServiceTest" name="taskShareStatusSetToShared"/>
  <testcase time="1.201" classname="com.homefellas.rm.task.TaskWebServiceTest" name="getTasksByStatusAndMemberId"/>
  <testcase time="1.837" classname="com.homefellas.rm.task.TaskWebServiceTest" name="repeatTasks"/>
  <testcase time="1.688" classname="com.homefellas.rm.task.TaskWebServiceTest" name="notifyTaskCreatorAndShareeOnTaskEndDate"/>
  <testcase time="1.049" classname="com.homefellas.rm.task.TaskWebServiceTest" name="clientNotification"/>
  <testcase time="0.993" classname="com.homefellas.rm.task.TaskWebServiceTest" name="test401Error"/>
  <testcase time="1.313" classname="com.homefellas.rm.task.TaskWebServiceTest" name="syncUpdateSyncWithDeleteStatus"/>
  <testcase time="1.253" classname="com.homefellas.rm.task.TaskWebServiceTest" name="syncDeleteSync"/>
  <testcase time="1.553" classname="com.homefellas.rm.task.TaskWebServiceTest" name="makeSureThatSharesGetModifiedTimeOnTaskUpdate"/>
  <testcase time="1.198" classname="com.homefellas.rm.task.TaskWebServiceTest" name="createDeleteSyncTask"/>
  <testcase time="1.065" classname="com.homefellas.rm.task.TaskWebServiceTest" name="testLocalizedTimeDate"/>
  <testcase time="2.023" classname="com.homefellas.rm.task.TaskWebServiceTest" name="bulkSpeedTest"/>
  <testcase time="1.29" classname="com.homefellas.rm.task.TaskWebServiceTest" name="getBulkTask"/>
  <testcase time="1.093" classname="com.homefellas.rm.task.TaskWebServiceTest" name="getBulkCategory"/>
  <testcase time="1.178" classname="com.homefellas.rm.task.TaskWebServiceTest" name="getBulkCalendar"/>
  <testcase time="1.137" classname="com.homefellas.rm.task.TaskWebServiceTest" name="createTaskWithGenericCategory"/>
  <testcase time="1.343" classname="com.homefellas.rm.task.TaskWebServiceTest" name="getCalendarsForMember"/>
  <testcase time="1.261" classname="com.homefellas.rm.task.TaskWebServiceTest" name="getCategoriesForMember"/>
  <testcase time="1.135" classname="com.homefellas.rm.task.TaskWebServiceTest" name="clearCompletedForMember"/>
  <testcase time="1.287" classname="com.homefellas.rm.task.TaskWebServiceTest" name="showCompletedForMember"/>
  <testcase time="1.074" classname="com.homefellas.rm.task.TaskWebServiceTest" name="getTaskById"/>
</testsuite>